Determining if the pthread_create exist failed with the following output:
Change Dir: /home/shisanchuan/C++work/GeneticAlgorithm/build/CMakeFiles/CMakeTmp

Run Build Command:"/usr/bin/make" "cmTC_1a33a/fast"
/usr/bin/make -f CMakeFiles/cmTC_1a33a.dir/build.make CMakeFiles/cmTC_1a33a.dir/build
make[1]: Entering directory '/home/shisanchuan/C++work/GeneticAlgorithm/build/CMakeFiles/CMakeTmp'
Building C object CMakeFiles/cmTC_1a33a.dir/CheckSymbolExists.c.o
/usr/bin/cc    -o CMakeFiles/cmTC_1a33a.dir/CheckSymbolExists.c.o   -c /home/shisanchuan/C++work/GeneticAlgorithm/build/CMakeFiles/CMakeTmp/CheckSymbolExists.c
Linking C executable cmTC_1a33a
/usr/local/bin/cmake -E cmake_link_script CMakeFiles/cmTC_1a33a.dir/link.txt --verbose=1
/usr/bin/cc      -rdynamic CMakeFiles/cmTC_1a33a.dir/CheckSymbolExists.c.o  -o cmTC_1a33a 
CMakeFiles/cmTC_1a33a.dir/CheckSymbolExists.c.o：在函数‘main’中：
CheckSymbolExists.c:(.text+0x16)：对‘pthread_create’未定义的引用
collect2: error: ld returned 1 exit status
CMakeFiles/cmTC_1a33a.dir/build.make:86: recipe for target 'cmTC_1a33a' failed
make[1]: *** [cmTC_1a33a] Error 1
make[1]: Leaving directory '/home/shisanchuan/C++work/GeneticAlgorithm/build/CMakeFiles/CMakeTmp'
Makefile:121: recipe for target 'cmTC_1a33a/fast' failed
make: *** [cmTC_1a33a/fast] Error 2

File /home/shisanchuan/C++work/GeneticAlgorithm/build/CMakeFiles/CMakeTmp/CheckSymbolExists.c:
/* */
#include <pthread.h>

int main(int argc, char** argv)
{
  (void)argv;
#ifndef pthread_create
  return ((int*)(&pthread_create))[argc];
#else
  (void)argc;
  return 0;
#endif
}

Determining if the function pthread_create exists in the pthreads failed with the following output:
Change Dir: /home/shisanchuan/C++work/GeneticAlgorithm/build/CMakeFiles/CMakeTmp

Run Build Command:"/usr/bin/make" "cmTC_3208f/fast"
/usr/bin/make -f CMakeFiles/cmTC_3208f.dir/build.make CMakeFiles/cmTC_3208f.dir/build
make[1]: Entering directory '/home/shisanchuan/C++work/GeneticAlgorithm/build/CMakeFiles/CMakeTmp'
Building C object CMakeFiles/cmTC_3208f.dir/CheckFunctionExists.c.o
/usr/bin/cc   -DCHECK_FUNCTION_EXISTS=pthread_create   -o CMakeFiles/cmTC_3208f.dir/CheckFunctionExists.c.o   -c /usr/local/share/cmake-3.12/Modules/CheckFunctionExists.c
Linking C executable cmTC_3208f
/usr/local/bin/cmake -E cmake_link_script CMakeFiles/cmTC_3208f.dir/link.txt --verbose=1
/usr/bin/cc  -DCHECK_FUNCTION_EXISTS=pthread_create    -rdynamic CMakeFiles/cmTC_3208f.dir/CheckFunctionExists.c.o  -o cmTC_3208f -lpthreads 
/usr/bin/ld: 找不到 -lpthreads
collect2: error: ld returned 1 exit status
CMakeFiles/cmTC_3208f.dir/build.make:86: recipe for target 'cmTC_3208f' failed
make[1]: *** [cmTC_3208f] Error 1
make[1]: Leaving directory '/home/shisanchuan/C++work/GeneticAlgorithm/build/CMakeFiles/CMakeTmp'
Makefile:121: recipe for target 'cmTC_3208f/fast' failed
make: *** [cmTC_3208f/fast] Error 2


